# JRE version: OpenJDK Runtime Environment (8.0_76-b03) (build 1.8.0_76-release-b03)
# Java VM: OpenJDK 64-Bit Server VM (25.76-b03 mixed mode windows-amd64 compressed oops)
Heap:
 PSYoungGen      total 366080K, used 127914K [0x00000000e0000000, 0x00000000fdd00000, 0x0000000100000000)
  eden space 347136K, 36% used [0x00000000e0000000,0x00000000e7ceab40,0x00000000f5300000)
  from space 18944K, 0% used [0x00000000f5300000,0x00000000f5300000,0x00000000f6580000)
  to   space 70656K, 0% used [0x00000000f9800000,0x00000000f9800000,0x00000000fdd00000)
 ParOldGen       total 198144K, used 78866K [0x00000000a0000000, 0x00000000ac180000, 0x00000000e0000000)
  object space 198144K, 39% used [0x00000000a0000000,0x00000000a4d04958,0x00000000ac180000)
 Metaspace       used 113679K, capacity 121242K, committed 123304K, reserved 1157120K
  class space    used 13706K, capacity 14706K, committed 15280K, reserved 1048576K
GC Heap History (10 events):
Event: 14362.927 GC heap before
{Heap before GC invocations=114 (full 26):
 PSYoungGen      total 366080K, used 347136K [0x00000000e0000000, 0x00000000fdd00000, 0x0000000100000000)
  eden space 347136K, 100% used [0x00000000e0000000,0x00000000f5300000,0x00000000f5300000)
  from space 18944K, 0% used [0x00000000f5300000,0x00000000f5300000,0x00000000f6580000)
  to   space 70656K, 0% used [0x00000000f9800000,0x00000000f9800000,0x00000000fdd00000)
 ParOldGen       total 198144K, used 79935K [0x00000000a0000000, 0x00000000ac180000, 0x00000000e0000000)
  object space 198144K, 40% used [0x00000000a0000000,0x00000000a4e0ff58,0x00000000ac180000)
 Metaspace       used 113695K, capacity 121240K, committed 123304K, reserved 1157120K
  class space    used 13726K, capacity 14756K, committed 15280K, reserved 1048576K
Event: 14376.884 GC heap after
Heap after GC invocations=114 (full 26):
 PSYoungGen      total 417792K, used 17598K [0x00000000e0000000, 0x00000000fdd00000, 0x0000000100000000)
  eden space 347136K, 0% used [0x00000000e0000000,0x00000000e0000000,0x00000000f5300000)
  from space 70656K, 24% used [0x00000000f9800000,0x00000000fa92f998,0x00000000fdd00000)
  to   space 18944K, 0% used [0x00000000f5300000,0x00000000f5300000,0x00000000f6580000)
 ParOldGen       total 198144K, used 79935K [0x00000000a0000000, 0x00000000ac180000, 0x00000000e0000000)
  object space 198144K, 40% used [0x00000000a0000000,0x00000000a4e0ff58,0x00000000ac180000)
 Metaspace       used 113695K, capacity 121240K, committed 123304K, reserved 1157120K
  class space    used 13726K, capacity 14756K, committed 15280K, reserved 1048576K
}
Event: 14443.643 GC heap before
{Heap before GC invocations=115 (full 26):
 PSYoungGen      total 417792K, used 364734K [0x00000000e0000000, 0x00000000fdd00000, 0x0000000100000000)
  eden space 347136K, 100% used [0x00000000e0000000,0x00000000f5300000,0x00000000f5300000)
  from space 70656K, 24% used [0x00000000f9800000,0x00000000fa92f998,0x00000000fdd00000)
  to   space 18944K, 0% used [0x00000000f5300000,0x00000000f5300000,0x00000000f6580000)
 ParOldGen       total 198144K, used 79935K [0x00000000a0000000, 0x00000000ac180000, 0x00000000e0000000)
  object space 198144K, 40% used [0x00000000a0000000,0x00000000a4e0ff58,0x00000000ac180000)
 Metaspace       used 113712K, capacity 121304K, committed 123304K, reserved 1157120K
  class space    used 13726K, capacity 14756K, committed 15280K, reserved 1048576K
Event: 14450.448 GC heap after
Heap after GC invocations=115 (full 26):
 PSYoungGen      total 366080K, used 2880K [0x00000000e0000000, 0x00000000fdd00000, 0x0000000100000000)
  eden space 347136K, 0% used [0x00000000e0000000,0x00000000e0000000,0x00000000f5300000)
  from space 18944K, 15% used [0x00000000f5300000,0x00000000f55d0000,0x00000000f6580000)
  to   space 70656K, 0% used [0x00000000f9800000,0x00000000f9800000,0x00000000fdd00000)
 ParOldGen       total 198144K, used 94607K [0x00000000a0000000, 0x00000000ac180000, 0x00000000e0000000)
  object space 198144K, 47% used [0x00000000a0000000,0x00000000a5c63e50,0x00000000ac180000)
 Metaspace       used 113712K, capacity 121304K, committed 123304K, reserved 1157120K
  class space    used 13726K, capacity 14756K, committed 15280K, reserved 1048576K
}
Event: 14485.578 GC heap before
{Heap before GC invocations=116 (full 26):
 PSYoungGen      total 366080K, used 350016K [0x00000000e0000000, 0x00000000fdd00000, 0x0000000100000000)
  eden space 347136K, 100% used [0x00000000e0000000,0x00000000f5300000,0x00000000f5300000)
  from space 18944K, 15% used [0x00000000f5300000,0x00000000f55d0000,0x00000000f6580000)
  to   space 70656K, 0% used [0x00000000f9800000,0x00000000f9800000,0x00000000fdd00000)
 ParOldGen       total 198144K, used 94607K [0x00000000a0000000, 0x00000000ac180000, 0x00000000e0000000)
  object space 198144K, 47% used [0x00000000a0000000,0x00000000a5c63e50,0x00000000ac180000)
 Metaspace       used 113716K, capacity 121304K, committed 123304K, reserved 1157120K
  class space    used 13726K, capacity 14756K, committed 15280K, reserved 1048576K
Event: 14485.904 GC heap after
Heap after GC invocations=116 (full 26):
 PSYoungGen      total 417792K, used 2432K [0x00000000e0000000, 0x00000000fdd00000, 0x0000000100000000)
  eden space 347136K, 0% used [0x00000000e0000000,0x00000000e0000000,0x00000000f5300000)
  from space 70656K, 3% used [0x00000000f9800000,0x00000000f9a60000,0x00000000fdd00000)
  to   space 18944K, 0% used [0x00000000f5300000,0x00000000f5300000,0x00000000f6580000)
 ParOldGen       total 198144K, used 95479K [0x00000000a0000000, 0x00000000ac180000, 0x00000000e0000000)
  object space 198144K, 48% used [0x00000000a0000000,0x00000000a5d3de90,0x00000000ac180000)
 Metaspace       used 113716K, capacity 121304K, committed 123304K, reserved 1157120K
  class space    used 13726K, capacity 14756K, committed 15280K, reserved 1048576K
}
Event: 14504.069 GC heap before
{Heap before GC invocations=117 (full 26):
 PSYoungGen      total 417792K, used 93281K [0x00000000e0000000, 0x00000000fdd00000, 0x0000000100000000)
  eden space 347136K, 26% used [0x00000000e0000000,0x00000000e58b8738,0x00000000f5300000)
  from space 70656K, 3% used [0x00000000f9800000,0x00000000f9a60000,0x00000000fdd00000)
  to   space 18944K, 0% used [0x00000000f5300000,0x00000000f5300000,0x00000000f6580000)
 ParOldGen       total 198144K, used 95479K [0x00000000a0000000, 0x00000000ac180000, 0x00000000e0000000)
  object space 198144K, 48% used [0x00000000a0000000,0x00000000a5d3de90,0x00000000ac180000)
 Metaspace       used 113762K, capacity 121322K, committed 123304K, reserved 1157120K
  class space    used 13727K, capacity 14759K, committed 15280K, reserved 1048576K
Event: 14504.258 GC heap after
Heap after GC invocations=117 (full 26):
 PSYoungGen      total 366080K, used 1152K [0x00000000e0000000, 0x00000000fdd00000, 0x0000000100000000)
  eden space 347136K, 0% used [0x00000000e0000000,0x00000000e0000000,0x00000000f5300000)
  from space 18944K, 6% used [0x00000000f5300000,0x00000000f5420000,0x00000000f6580000)
  to   space 70656K, 0% used [0x00000000f9800000,0x00000000f9800000,0x00000000fdd00000)
 ParOldGen       total 198144K, used 95647K [0x00000000a0000000, 0x00000000ac180000, 0x00000000e0000000)
  object space 198144K, 48% used [0x00000000a0000000,0x00000000a5d67eb0,0x00000000ac180000)
 Metaspace       used 113762K, capacity 121322K, committed 123304K, reserved 1157120K
  class space    used 13727K, capacity 14759K, committed 15280K, reserved 1048576K
}
Event: 14504.258 GC heap before
{Heap before GC invocations=118 (full 27):
 PSYoungGen      total 366080K, used 1152K [0x00000000e0000000, 0x00000000fdd00000, 0x0000000100000000)
  eden space 347136K, 0% used [0x00000000e0000000,0x00000000e0000000,0x00000000f5300000)
  from space 18944K, 6% used [0x00000000f5300000,0x00000000f5420000,0x00000000f6580000)
  to   space 70656K, 0% used [0x00000000f9800000,0x00000000f9800000,0x00000000fdd00000)
 ParOldGen       total 198144K, used 95647K [0x00000000a0000000, 0x00000000ac180000, 0x00000000e0000000)
  object space 198144K, 48% used [0x00000000a0000000,0x00000000a5d67eb0,0x00000000ac180000)
 Metaspace       used 113762K, capacity 121322K, committed 123304K, reserved 1157120K
  class space    used 13727K, capacity 14759K, committed 15280K, reserved 1048576K
Event: 14506.084 GC heap after
Heap after GC invocations=118 (full 27):
 PSYoungGen      total 366080K, used 0K [0x00000000e0000000, 0x00000000fdd00000, 0x0000000100000000)
  eden space 347136K, 0% used [0x00000000e0000000,0x00000000e0000000,0x00000000f5300000)
  from space 18944K, 0% used [0x00000000f5300000,0x00000000f5300000,0x00000000f6580000)
  to   space 70656K, 0% used [0x00000000f9800000,0x00000000f9800000,0x00000000fdd00000)
 ParOldGen       total 198144K, used 78866K [0x00000000a0000000, 0x00000000ac180000, 0x00000000e0000000)
  object space 198144K, 39% used [0x00000000a0000000,0x00000000a4d04958,0x00000000ac180000)
 Metaspace       used 112871K, capacity 120142K, committed 123304K, reserved 1157120K
  class space    used 13571K, capacity 14518K, committed 15280K, reserved 1048576K
}

